--------------------------------------------------
--------------------------------------------------
--------------------------------------------------
--------------------------------------------------
--------------------------------------------------
--------------------------------------------------
--------------------------------------------------
--------------------------------------------------
--------------------------------------------------
--------------------------------------------------
--------------------------------------------------
--------------------------------------------------
--------------------------------------------------
--------------------------------------------------
--------------------------------------------------
--------------------------------------------------
--------------------------------------------------
--------------------------------------------------
--------------------------------------------------
--------------------------------------------------
--------------------------------------------------
--------------------------------------------------
--------------------------------------------------
--------------------------------------------------
Port CON-DC+ was deleted from Fub119.1
Port CON-DC- was deleted from Fub119.1
--------------------------------------------------
--------------------------------------------------
--------------------------------------------------
--------------------------------------------------
--------------------------------------------------
--------------------------------------------------
--------------------------------------------------
--------------------------------------------------
--------------------------------------------------
--------------------------------------------------
--------------------------------------------------
--------------------------------------------------
--------------------------------------------------
--------------------------------------------------
--------------------------------------------------
--------------------------------------------------
--------------------------------------------------
--------------------------------------------------
--------------------------------------------------
--------------------------------------------------
--------------------------------------------------
Port IN1+ was deleted from Fub24.1
Port A- was deleted from Fub24.1
Port RGRND was deleted from Fub24.1
Port B+ was deleted from Fub24.1
Port IN2+ was deleted from Fub24.1
Port DC+ was deleted from Fub24.1
Port DC- was deleted from Fub24.1
Port LCDA- was deleted from Fub24.1
Port LCDB+ was deleted from Fub24.1
Port FAN3 was deleted from Fub24.1
Port FAN2 was deleted from Fub24.1
Port IN4+ was deleted from Fub24.1
Port IN2- was deleted from Fub24.1
Port OUT2A was deleted from Fub24.1
Port IN4- was deleted from Fub24.1
Port FAN1 was deleted from Fub24.1
Port OUT1B was deleted from Fub24.1
Port FAN-C was deleted from Fub24.1
Port OUT1A was deleted from Fub24.1
Port OUT2B was deleted from Fub24.1
Port IN3- was deleted from Fub24.1
Port IN3+ was deleted from Fub24.1
Port IN1- was deleted from Fub24.1
--------------------------------------------------
--------------------------------------------------
--------------------------------------------------
--------------------------------------------------
--------------------------------------------------
--------------------------------------------------
--------------------------------------------------
--------------------------------------------------
--------------------------------------------------
--------------------------------------------------
--------------------------------------------------
--------------------------------------------------
--------------------------------------------------
--------------------------------------------------
--------------------------------------------------
--------------------------------------------------
--------------------------------------------------
--------------------------------------------------
--------------------------------------------------
--------------------------------------------------
--------------------------------------------------
--------------------------------------------------
--------------------------------------------------
